Flow report for brick_breaker
Mon Dec 07 12:04:53 2020
Quartus Prime Version 20.1.0 Build 711 06/05/2020 SJ Lite Edition


---------------------
; Table of Contents ;
---------------------
  1. Legal Notice
  2. Flow Summary
  3. Flow Settings
  4. Flow Non-Default Global Settings
  5. Flow Elapsed Time
  6. Flow OS Summary
  7. Flow Log
  8. Flow Messages
  9. Flow Suppressed Messages



----------------
; Legal Notice ;
----------------
Copyright (C) 2020  Intel Corporation. All rights reserved.
Your use of Intel Corporation's design tools, logic functions 
and other software and tools, and any partner logic 
functions, and any output files from any of the foregoing 
(including device programming or simulation files), and any 
associated documentation or information are expressly subject 
to the terms and conditions of the Intel Program License 
Subscription Agreement, the Intel Quartus Prime License Agreement,
the Intel FPGA IP License Agreement, or other applicable license
agreement, including, without limitation, that your use is for
the sole purpose of programming logic devices manufactured by
Intel and sold by Intel or its authorized distributors.  Please
refer to the applicable agreement for further details, at
https://fpgasoftware.intel.com/eula.



+----------------------------------------------------------------------------------+
; Flow Summary                                                                     ;
+------------------------------------+---------------------------------------------+
; Flow Status                        ; Successful - Mon Dec 07 12:04:36 2020       ;
; Quartus Prime Version              ; 20.1.0 Build 711 06/05/2020 SJ Lite Edition ;
; Revision Name                      ; brick_breaker                               ;
; Top-level Entity Name              ; brick_breaker                               ;
; Family                             ; MAX 10                                      ;
; Device                             ; 10M50DAF484C7G                              ;
; Timing Models                      ; Final                                       ;
; Total logic elements               ; 27,105 / 49,760 ( 54 % )                    ;
;     Total combinational functions  ; 27,033 / 49,760 ( 54 % )                    ;
;     Dedicated logic registers      ; 1,928 / 49,760 ( 4 % )                      ;
; Total registers                    ; 1928                                        ;
; Total pins                         ; 56 / 360 ( 16 % )                           ;
; Total virtual pins                 ; 0                                           ;
; Total memory bits                  ; 768 / 1,677,312 ( < 1 % )                   ;
; Embedded Multiplier 9-bit elements ; 0 / 288 ( 0 % )                             ;
; Total PLLs                         ; 2 / 4 ( 50 % )                              ;
; UFM blocks                         ; 0 / 1 ( 0 % )                               ;
; ADC blocks                         ; 1 / 2 ( 50 % )                              ;
+------------------------------------+---------------------------------------------+


+-----------------------------------------+
; Flow Settings                           ;
+-------------------+---------------------+
; Option            ; Setting             ;
+-------------------+---------------------+
; Start date & time ; 12/07/2020 11:54:53 ;
; Main task         ; Compilation         ;
; Revision Name     ; brick_breaker       ;
+-------------------+---------------------+


+-------------------------------------------------------------------------------------------------------------------------------------------+
; Flow Non-Default Global Settings                                                                                                          ;
+-------------------------------------+----------------------------------------------------------+---------------+-------------+------------+
; Assignment Name                     ; Value                                                    ; Default Value ; Entity Name ; Section Id ;
+-------------------------------------+----------------------------------------------------------+---------------+-------------+------------+
; COMPILER_SIGNATURE_ID               ; 84440847621154.160736729307544                           ; --            ; --          ; --         ;
; MAX_CORE_JUNCTION_TEMP              ; 85                                                       ; --            ; --          ; --         ;
; MIN_CORE_JUNCTION_TEMP              ; 0                                                        ; --            ; --          ; --         ;
; MISC_FILE                           ; my_adc/synthesis/../my_adc.cmp                           ; --            ; --          ; --         ;
; MISC_FILE                           ; my_adc/synthesis/../../my_adc.qsys                       ; --            ; --          ; --         ;
; MISC_FILE                           ; myPLL.cmp                                                ; --            ; --          ; --         ;
; MISC_FILE                           ; myPLL.ppf                                                ; --            ; --          ; --         ;
; MISC_FILE                           ; adcPLL.cmp                                               ; --            ; --          ; --         ;
; MISC_FILE                           ; adcPLL.ppf                                               ; --            ; --          ; --         ;
; PARTITION_COLOR                     ; -- (Not supported for targeted family)                   ; --            ; --          ; Top        ;
; PARTITION_FITTER_PRESERVATION_LEVEL ; -- (Not supported for targeted family)                   ; --            ; --          ; Top        ;
; PARTITION_NETLIST_TYPE              ; -- (Not supported for targeted family)                   ; --            ; --          ; Top        ;
; POWER_BOARD_THERMAL_MODEL           ; None (CONSERVATIVE)                                      ; --            ; --          ; --         ;
; POWER_PRESET_COOLING_SOLUTION       ; 23 MM HEAT SINK WITH 200 LFPM AIRFLOW                    ; --            ; --          ; --         ;
; SLD_FILE                            ; my_adc/synthesis/my_adc.debuginfo                        ; --            ; --          ; --         ;
; SLD_INFO                            ; QSYS_NAME my_adc HAS_SOPCINFO 1 GENERATION_ID 1605845138 ; --            ; my_adc      ; --         ;
; SOPCINFO_FILE                       ; my_adc/synthesis/../../my_adc.sopcinfo                   ; --            ; --          ; --         ;
; SYNTHESIS_ONLY_QIP                  ; On                                                       ; --            ; --          ; --         ;
+-------------------------------------+----------------------------------------------------------+---------------+-------------+------------+


+--------------------------------------------------------------------------------------------------------------------------+
; Flow Elapsed Time                                                                                                        ;
+----------------------+--------------+-------------------------+---------------------+------------------------------------+
; Module Name          ; Elapsed Time ; Average Processors Used ; Peak Virtual Memory ; Total CPU Time (on all processors) ;
+----------------------+--------------+-------------------------+---------------------+------------------------------------+
; Analysis & Synthesis ; 00:06:42     ; 1.0                     ; 5836 MB             ; 00:06:52                           ;
; Fitter               ; 00:02:51     ; 1.4                     ; 5825 MB             ; 00:06:09                           ;
; Assembler            ; 00:00:03     ; 1.0                     ; 4765 MB             ; 00:00:03                           ;
; Timing Analyzer      ; 00:00:16     ; 2.9                     ; 5026 MB             ; 00:00:42                           ;
; Total                ; 00:09:52     ; --                      ; --                  ; 00:13:46                           ;
+----------------------+--------------+-------------------------+---------------------+------------------------------------+


+------------------------------------------------------------------------------------+
; Flow OS Summary                                                                    ;
+----------------------+------------------+------------+------------+----------------+
; Module Name          ; Machine Hostname ; OS Name    ; OS Version ; Processor type ;
+----------------------+------------------+------------+------------+----------------+
; Analysis & Synthesis ; NZXT             ; Windows 10 ; 10.0       ; x86_64         ;
; Fitter               ; NZXT             ; Windows 10 ; 10.0       ; x86_64         ;
; Assembler            ; NZXT             ; Windows 10 ; 10.0       ; x86_64         ;
; Timing Analyzer      ; NZXT             ; Windows 10 ; 10.0       ; x86_64         ;
+----------------------+------------------+------------+------------+----------------+


------------
; Flow Log ;
------------
quartus_map --read_settings_files=on --write_settings_files=off brick_breaker -c brick_breaker
quartus_fit --read_settings_files=off --write_settings_files=off brick_breaker -c brick_breaker
quartus_asm --read_settings_files=off --write_settings_files=off brick_breaker -c brick_breaker
quartus_sta brick_breaker -c brick_breaker



